<?xml version="1.0" encoding="UTF-8"?>
<testng-results skipped="0" failed="1" total="3" passed="2">
  <reporter-output>
    <line>
      <![CDATA[<div "featureFile">Feature File: features&#x2F;Web&#x2F;AbrirUmaContaCorrenteNoSantander.feature</div>]]>
    </line>
    <line>
      <![CDATA[<div "feature">Funcionalidade: No portal do Santander, preencher os dados para abrir uma nova conta corrente</div>]]>
    </line>
    <line>
      <![CDATA[<div "result">Dado  que eu acesso &quot;https:&#x2F;&#x2F;www.santander.com.br&#x2F;br&#x2F;&quot; (passed : 6s)</div>]]>
    </line>
    <line>
      <![CDATA[<div "scenario">Cenario: Abrir o site do santander e preencher o formulário para criar uma conta corrente pessoa física</div>]]>
    </line>
    <line>
      <![CDATA[<div "result">Quando  eu clico na opcao Abra sua Conta (passed : 1s)</div>]]>
    </line>
    <line>
      <![CDATA[<div "result">Quando  escolho a opcao Para Voce (passed : 6s)</div>]]>
    </line>
    <line>
      <![CDATA[<div "result">E  escolho a opcao Eu Trabalho (passed : 0s)</div>]]>
    </line>
    <line>
      <![CDATA[<div "result">E  preencho o nome completo com a linha &quot;2&quot; da Massa de Testes (passed : 0s)</div>]]>
    </line>
    <line>
      <![CDATA[<div "result">E  preencho com o cpf &quot;868-482-072-09&quot; (passed : 1s)</div>]]>
    </line>
    <line>
      <![CDATA[<div "result">E  preencho a data de nascimento &quot;25&#x2F;08&#x2F;1984&quot; (passed : 1s)</div>]]>
    </line>
    <line>
      <![CDATA[<div "result">E  preencho o e-mail &quot;zeca.neto@mailinator.com&quot; (passed : 1s)</div>]]>
    </line>
    <line>
      <![CDATA[<div "result">E  seleciono o sexo Masculino (passed : 1s)</div>]]>
    </line>
    <line>
      <![CDATA[<div "result">E  preencho o nome da mae com a linha &quot;2&quot; da Massa de Testes (passed : 0s)</div>]]>
    </line>
    <line>
      <![CDATA[<div "result">E  preencho o celular &quot;11 95467-9090&quot; (passed : 1s)</div>]]>
    </line>
    <line>
      <![CDATA[<div "result">E  preencho o telefone fixo &quot;11 4456-3232&quot; (passed : 1s)</div>]]>
    </line>
    <line>
      <![CDATA[<div "result">E  eu informo a renda (passed : 1s)</div>]]>
    </line>
    <line>
      <![CDATA[<div "result">E  clico no botao Continuar (passed : 0s)</div>]]>
    </line>
    <line>
      <![CDATA[<div "result">Entao  eu visualizo o formulario de Endereco (passed : 0s)</div>]]>
    </line>
    <line>
      <![CDATA[<div "result">E  eu preencho o cep &quot;09111-000&quot; (passed : 0s)</div>]]>
    </line>
    <line>
      <![CDATA[<div "result">E  eu clico no botao Continuar (passed : 0s)</div>]]>
    </line>
    <line>
      <![CDATA[<div "result">Entao  eu visualizo um alerta de campo obrigatorio para o numero com a mensagem &quot;Este campo é obrigatório&quot; (passed : 0s)</div>]]>
    </line>
  </reporter-output>
  <suite name="Surefire suite" duration-ms="23568" started-at="2016-07-15T20:29:33Z" finished-at="2016-07-15T20:29:57Z">
    <groups>
      <group name="cucumber">
        <method signature="AbstractTestNGCucumberTests.run_cukes()[pri:0, instance:com.testframeworkdemo.runner.RunGUIMobileTest@153f5a29]" name="run_cukes" class="cucumber.api.testng.AbstractTestNGCucumberTests"/>
        <method signature="AbstractTestNGCucumberTests.run_cukes()[pri:0, instance:com.testframeworkdemo.runner.RunGUIServicesTest@26f67b76]" name="run_cukes" class="cucumber.api.testng.AbstractTestNGCucumberTests"/>
        <method signature="AbstractTestNGCucumberTests.run_cukes()[pri:0, instance:com.testframeworkdemo.runner.RunGUIWebTest@54a097cc]" name="run_cukes" class="cucumber.api.testng.AbstractTestNGCucumberTests"/>
      </group> <!-- cucumber -->
    </groups>
    <test name="Surefire test" duration-ms="23568" started-at="2016-07-15T20:29:33Z" finished-at="2016-07-15T20:29:57Z">
      <class name="com.testframeworkdemo.runner.RunGUIServicesTest">
        <test-method status="PASS" signature="run_cukes()[pri:0, instance:com.testframeworkdemo.runner.RunGUIServicesTest@26f67b76]" name="run_cukes" duration-ms="23280" started-at="2016-07-15T17:29:33Z" description="Runs Cucumber Features" finished-at="2016-07-15T17:29:57Z">
          <reporter-output>
            <line>
              <![CDATA[<div "featureFile">Feature File: features&#x2F;Web&#x2F;AbrirUmaContaCorrenteNoSantander.feature</div>]]>
            </line>
            <line>
              <![CDATA[<div "feature">Funcionalidade: No portal do Santander, preencher os dados para abrir uma nova conta corrente</div>]]>
            </line>
            <line>
              <![CDATA[<div "result">Dado  que eu acesso &quot;https:&#x2F;&#x2F;www.santander.com.br&#x2F;br&#x2F;&quot; (passed : 6s)</div>]]>
            </line>
            <line>
              <![CDATA[<div "scenario">Cenario: Abrir o site do santander e preencher o formulário para criar uma conta corrente pessoa física</div>]]>
            </line>
            <line>
              <![CDATA[<div "result">Quando  eu clico na opcao Abra sua Conta (passed : 1s)</div>]]>
            </line>
            <line>
              <![CDATA[<div "result">Quando  escolho a opcao Para Voce (passed : 6s)</div>]]>
            </line>
            <line>
              <![CDATA[<div "result">E  escolho a opcao Eu Trabalho (passed : 0s)</div>]]>
            </line>
            <line>
              <![CDATA[<div "result">E  preencho o nome completo com a linha &quot;2&quot; da Massa de Testes (passed : 0s)</div>]]>
            </line>
            <line>
              <![CDATA[<div "result">E  preencho com o cpf &quot;868-482-072-09&quot; (passed : 1s)</div>]]>
            </line>
            <line>
              <![CDATA[<div "result">E  preencho a data de nascimento &quot;25&#x2F;08&#x2F;1984&quot; (passed : 1s)</div>]]>
            </line>
            <line>
              <![CDATA[<div "result">E  preencho o e-mail &quot;zeca.neto@mailinator.com&quot; (passed : 1s)</div>]]>
            </line>
            <line>
              <![CDATA[<div "result">E  seleciono o sexo Masculino (passed : 1s)</div>]]>
            </line>
            <line>
              <![CDATA[<div "result">E  preencho o nome da mae com a linha &quot;2&quot; da Massa de Testes (passed : 0s)</div>]]>
            </line>
            <line>
              <![CDATA[<div "result">E  preencho o celular &quot;11 95467-9090&quot; (passed : 1s)</div>]]>
            </line>
            <line>
              <![CDATA[<div "result">E  preencho o telefone fixo &quot;11 4456-3232&quot; (passed : 1s)</div>]]>
            </line>
            <line>
              <![CDATA[<div "result">E  eu informo a renda (passed : 1s)</div>]]>
            </line>
            <line>
              <![CDATA[<div "result">E  clico no botao Continuar (passed : 0s)</div>]]>
            </line>
            <line>
              <![CDATA[<div "result">Entao  eu visualizo o formulario de Endereco (passed : 0s)</div>]]>
            </line>
            <line>
              <![CDATA[<div "result">E  eu preencho o cep &quot;09111-000&quot; (passed : 0s)</div>]]>
            </line>
            <line>
              <![CDATA[<div "result">E  eu clico no botao Continuar (passed : 0s)</div>]]>
            </line>
            <line>
              <![CDATA[<div "result">Entao  eu visualizo um alerta de campo obrigatorio para o numero com a mensagem &quot;Este campo é obrigatório&quot; (passed : 0s)</div>]]>
            </line>
          </reporter-output>
        </test-method> <!-- run_cukes -->
      </class> <!-- com.testframeworkdemo.runner.RunGUIServicesTest -->
      <class name="com.testframeworkdemo.runner.RunGUIWebTest">
        <test-method status="FAIL" signature="run_cukes()[pri:0, instance:com.testframeworkdemo.runner.RunGUIWebTest@54a097cc]" name="run_cukes" duration-ms="227" started-at="2016-07-15T17:29:33Z" description="Runs Cucumber Features" finished-at="2016-07-15T17:29:33Z">
          <exception class="java.lang.IllegalArgumentException">
            <message>
              <![CDATA[Not a file or directory: /home/erik/DEV/git/java/TestFramework-Java/src/test/resources/features/web/*.feature]]>
            </message>
            <full-stacktrace>
              <![CDATA[java.lang.IllegalArgumentException: Not a file or directory: /home/erik/DEV/git/java/TestFramework-Java/src/test/resources/features/web/*.feature
	at cucumber.runtime.io.FileResourceIterator$FileIterator.<init>(FileResourceIterator.java:54)
	at cucumber.runtime.io.FileResourceIterator.<init>(FileResourceIterator.java:20)
	at cucumber.runtime.io.FileResourceIterable.iterator(FileResourceIterable.java:19)
	at cucumber.runtime.model.CucumberFeature.loadFromFeaturePath(CucumberFeature.java:101)
	at cucumber.runtime.model.CucumberFeature.load(CucumberFeature.java:54)
	at cucumber.runtime.model.CucumberFeature.load(CucumberFeature.java:34)
	at cucumber.runtime.RuntimeOptions.cucumberFeatures(RuntimeOptions.java:201)
	at cucumber.runtime.Runtime.run(Runtime.java:109)
	at cucumber.api.testng.TestNGCucumberRunner.runCukes(TestNGCucumberRunner.java:43)
	at cucumber.api.testng.AbstractTestNGCucumberTests.run_cukes(AbstractTestNGCucumberTests.java:14)
	at sun.reflect.NativeMethodAccessorImpl.invoke0(Native Method)
	at sun.reflect.NativeMethodAccessorImpl.invoke(NativeMethodAccessorImpl.java:62)
	at sun.reflect.DelegatingMethodAccessorImpl.invoke(DelegatingMethodAccessorImpl.java:43)
	at java.lang.reflect.Method.invoke(Method.java:498)
	at org.testng.internal.MethodInvocationHelper.invokeMethod(MethodInvocationHelper.java:85)
	at org.testng.internal.MethodInvocationHelper$1.runTestMethod(MethodInvocationHelper.java:200)
	at cucumber.api.testng.AbstractTestNGCucumberTests.run(AbstractTestNGCucumberTests.java:19)
	at org.testng.internal.MethodInvocationHelper.invokeHookable(MethodInvocationHelper.java:212)
	at org.testng.internal.Invoker.invokeMethod(Invoker.java:689)
	at org.testng.internal.Invoker.invokeTestMethod(Invoker.java:882)
	at org.testng.internal.Invoker.invokeTestMethods(Invoker.java:1189)
	at org.testng.internal.TestMethodWorker.invokeTestMethods(TestMethodWorker.java:124)
	at org.testng.internal.TestMethodWorker.run(TestMethodWorker.java:108)
	at org.testng.TestRunner.privateRun(TestRunner.java:767)
	at org.testng.TestRunner.run(TestRunner.java:617)
	at org.testng.SuiteRunner.runTest(SuiteRunner.java:348)
	at org.testng.SuiteRunner.runSequentially(SuiteRunner.java:343)
	at org.testng.SuiteRunner.privateRun(SuiteRunner.java:305)
	at org.testng.SuiteRunner.run(SuiteRunner.java:254)
	at org.testng.SuiteRunnerWorker.runSuite(SuiteRunnerWorker.java:52)
	at org.testng.SuiteRunnerWorker.run(SuiteRunnerWorker.java:86)
	at org.testng.TestNG.runSuitesSequentially(TestNG.java:1224)
	at org.testng.TestNG.runSuitesLocally(TestNG.java:1149)
	at org.testng.TestNG.run(TestNG.java:1057)
	at org.apache.maven.surefire.testng.TestNGExecutor.run(TestNGExecutor.java:115)
	at org.apache.maven.surefire.testng.TestNGDirectoryTestSuite.executeMulti(TestNGDirectoryTestSuite.java:204)
	at org.apache.maven.surefire.testng.TestNGDirectoryTestSuite.execute(TestNGDirectoryTestSuite.java:107)
	at org.apache.maven.surefire.testng.TestNGProvider.invoke(TestNGProvider.java:112)
	at org.apache.maven.surefire.booter.ForkedBooter.invokeProviderInSameClassLoader(ForkedBooter.java:200)
	at org.apache.maven.surefire.booter.ForkedBooter.runSuitesInProcess(ForkedBooter.java:153)
	at org.apache.maven.surefire.booter.ForkedBooter.main(ForkedBooter.java:103)
]]>
            </full-stacktrace>
          </exception> <!-- java.lang.IllegalArgumentException -->
          <reporter-output>
          </reporter-output>
        </test-method> <!-- run_cukes -->
      </class> <!-- com.testframeworkdemo.runner.RunGUIWebTest -->
      <class name="com.testframeworkdemo.runner.RunGUIMobileTest">
        <test-method status="PASS" signature="run_cukes()[pri:0, instance:com.testframeworkdemo.runner.RunGUIMobileTest@153f5a29]" name="run_cukes" duration-ms="43" started-at="2016-07-15T17:29:57Z" description="Runs Cucumber Features" finished-at="2016-07-15T17:29:57Z">
          <reporter-output>
          </reporter-output>
        </test-method> <!-- run_cukes -->
      </class> <!-- com.testframeworkdemo.runner.RunGUIMobileTest -->
    </test> <!-- Surefire test -->
  </suite> <!-- Surefire suite -->
</testng-results>
